d:\weema\documents\third year uni\gp2\gp2coursework\gp2coursework\debug\gp2coursework.pch
d:\weema\documents\third year uni\gp2\gp2coursework\gp2coursework\debug\vc141.pdb
d:\weema\documents\third year uni\gp2\gp2coursework\gp2coursework\debug\vc141.idb
d:\weema\documents\third year uni\gp2\gp2coursework\gp2coursework\debug\stdafx.obj
d:\weema\documents\third year uni\gp2\gp2coursework\gp2coursework\debug\mesh.obj
d:\weema\documents\third year uni\gp2\gp2coursework\gp2coursework\debug\shader.obj
d:\weema\documents\third year uni\gp2\gp2coursework\gp2coursework\debug\thedisplay.obj
d:\weema\documents\third year uni\gp2\gp2coursework\gp2coursework\debug\gp2coursework.obj
d:\weema\documents\third year uni\gp2\gp2coursework\gp2coursework\debug\maingame.obj
d:\weema\documents\third year uni\gp2\gp2coursework\gp2coursework\debug\stb_image.obj
d:\weema\documents\third year uni\gp2\gp2coursework\gp2coursework\debug\createshaders.obj
d:\weema\documents\third year uni\gp2\gp2coursework\gp2coursework\debug\texture.obj
d:\weema\documents\third year uni\gp2\gp2coursework\gp2coursework\debug\createmesh.obj
d:\weema\documents\third year uni\gp2\gp2coursework\gp2coursework\debug\gettextures.obj
d:\weema\documents\third year uni\gp2\gp2coursework\gp2coursework\debug\obj_loader.obj
d:\weema\documents\third year uni\gp2\gp2coursework\debug\gp2coursework.exe
d:\weema\documents\third year uni\gp2\gp2coursework\debug\gp2coursework.ilk
d:\weema\documents\third year uni\gp2\gp2coursework\debug\gp2coursework.pdb
d:\weema\documents\third year uni\gp2\gp2coursework\gp2coursework\debug\gp2coursework.tlog\cl.command.1.tlog
d:\weema\documents\third year uni\gp2\gp2coursework\gp2coursework\debug\gp2coursework.tlog\cl.read.1.tlog
d:\weema\documents\third year uni\gp2\gp2coursework\gp2coursework\debug\gp2coursework.tlog\cl.write.1.tlog
d:\weema\documents\third year uni\gp2\gp2coursework\gp2coursework\debug\gp2coursework.tlog\link.16252.read.1.tlog
d:\weema\documents\third year uni\gp2\gp2coursework\gp2coursework\debug\gp2coursework.tlog\link.16252.write.1.tlog
d:\weema\documents\third year uni\gp2\gp2coursework\gp2coursework\debug\gp2coursework.tlog\link.command.1.tlog
d:\weema\documents\third year uni\gp2\gp2coursework\gp2coursework\debug\gp2coursework.tlog\link.read.1.tlog
d:\weema\documents\third year uni\gp2\gp2coursework\gp2coursework\debug\gp2coursework.tlog\link.write.1.tlog
